<?xml version="1.0" encoding="UTF-8"?>
<coverage generated="1724668455545" clover="3.2.0">
  <project timestamp="1724668455545" name="All files">
    <metrics statements="26" coveredstatements="24" conditionals="6" coveredconditionals="4" methods="10" coveredmethods="9" elements="42" coveredelements="37" complexity="0" loc="26" ncloc="26" packages="1" files="1" classes="1"/>
    <file name="Body.js" path="D:\ISHAN\Namaste_React\namaste_react\src\components\Body.js">
      <metrics statements="26" coveredstatements="24" conditionals="6" coveredconditionals="4" methods="10" coveredmethods="9"/>
      <line num="10" count="1" type="stmt"/>
      <line num="13" count="7" type="stmt"/>
      <line num="14" count="7" type="stmt"/>
      <line num="16" count="7" type="stmt"/>
      <line num="18" count="7" type="stmt"/>
      <line num="22" count="7" type="stmt"/>
      <line num="23" count="2" type="stmt"/>
      <line num="28" count="7" type="stmt"/>
      <line num="29" count="2" type="stmt"/>
      <line num="30" count="2" type="stmt"/>
      <line num="31" count="2" type="stmt"/>
      <line num="32" count="2" type="stmt"/>
      <line num="35" count="7" type="stmt"/>
      <line num="37" count="7" type="cond" truecount="1" falsecount="1"/>
      <line num="38" count="0" type="stmt"/>
      <line num="41" count="7" type="stmt"/>
      <line num="43" count="7" type="cond" truecount="2" falsecount="0"/>
      <line num="50" count="1" type="stmt"/>
      <line num="54" count="1" type="stmt"/>
      <line num="55" count="8" type="stmt"/>
      <line num="58" count="1" type="stmt"/>
      <line num="63" count="1" type="stmt"/>
      <line num="64" count="8" type="stmt"/>
      <line num="66" count="1" type="stmt"/>
      <line num="73" count="0" type="stmt"/>
      <line num="79" count="31" type="stmt"/>
    </file>
  </project>
</coverage>
