{"D:\\ISHAN\\Namaste_React\\namaste_react\\src\\components\\Contact.js": {"path":"D:\\ISHAN\\Namaste_React\\namaste_react\\src\\components\\Contact.js","statementMap":{"0":{"start":{"line":5,"column":16},"end":{"line":53,"column":1}},"1":{"start":{"line":6,"column":2},"end":{"line":52,"column":4}}},"fnMap":{"0":{"name":"(anonymous_0)","decl":{"start":{"line":5,"column":16},"end":{"line":5,"column":17}},"loc":{"start":{"line":5,"column":22},"end":{"line":53,"column":1}},"line":5}},"branchMap":{},"s":{"0":1,"1":4},"f":{"0":4},"b":{},"_coverageSchema":"1a1c01bbd47fc00a2c39e90264f33305004495a9","hash":"5d49ce6f40b3e697db525bb7ce6232f5fd88a566"}
,"D:\\ISHAN\\Namaste_React\\namaste_react\\src\\components\\Header.js": {"path":"D:\\ISHAN\\Namaste_React\\namaste_react\\src\\components\\Header.js","statementMap":{"0":{"start":{"line":8,"column":15},"end":{"line":53,"column":3}},"1":{"start":{"line":10,"column":23},"end":{"line":10,"column":40}},"2":{"start":{"line":12,"column":31},"end":{"line":12,"column":48}},"3":{"start":{"line":14,"column":25},"end":{"line":14,"column":48}},"4":{"start":{"line":18,"column":20},"end":{"line":18,"column":60}},"5":{"start":{"line":18,"column":43},"end":{"line":18,"column":59}},"6":{"start":{"line":20,"column":4},"end":{"line":52,"column":6}},"7":{"start":{"line":46,"column":14},"end":{"line":46,"column":79}}},"fnMap":{"0":{"name":"(anonymous_0)","decl":{"start":{"line":8,"column":15},"end":{"line":8,"column":16}},"loc":{"start":{"line":8,"column":21},"end":{"line":53,"column":3}},"line":8},"1":{"name":"(anonymous_1)","decl":{"start":{"line":18,"column":32},"end":{"line":18,"column":33}},"loc":{"start":{"line":18,"column":43},"end":{"line":18,"column":59}},"line":18},"2":{"name":"(anonymous_2)","decl":{"start":{"line":45,"column":52},"end":{"line":45,"column":53}},"loc":{"start":{"line":45,"column":56},"end":{"line":47,"column":13}},"line":45}},"branchMap":{"0":{"loc":{"start":{"line":27,"column":49},"end":{"line":27,"column":75}},"type":"cond-expr","locations":[{"start":{"line":27,"column":64},"end":{"line":27,"column":68}},{"start":{"line":27,"column":71},"end":{"line":27,"column":75}}],"line":27},"1":{"loc":{"start":{"line":46,"column":14},"end":{"line":46,"column":78}},"type":"cond-expr","locations":[{"start":{"line":46,"column":36},"end":{"line":46,"column":56}},{"start":{"line":46,"column":59},"end":{"line":46,"column":78}}],"line":46}},"s":{"0":1,"1":5,"2":5,"3":5,"4":5,"5":9,"6":5,"7":1},"f":{"0":5,"1":9,"2":1},"b":{"0":[5,0],"1":[1,0]},"_coverageSchema":"1a1c01bbd47fc00a2c39e90264f33305004495a9","hash":"f0936e6b68e946882276eabbb1b188370cab3280"}
,"D:\\ISHAN\\Namaste_React\\namaste_react\\src\\components\\RestaurantCard.js": {"path":"D:\\ISHAN\\Namaste_React\\namaste_react\\src\\components\\RestaurantCard.js","statementMap":{"0":{"start":{"line":6,"column":23},"end":{"line":41,"column":1}},"1":{"start":{"line":7,"column":22},"end":{"line":7,"column":27}},"2":{"start":{"line":14,"column":6},"end":{"line":14,"column":19}},"3":{"start":{"line":16,"column":2},"end":{"line":40,"column":4}},"4":{"start":{"line":44,"column":21},"end":{"line":53,"column":1}},"5":{"start":{"line":45,"column":2},"end":{"line":45,"column":33}},"6":{"start":{"line":45,"column":21},"end":{"line":45,"column":33}},"7":{"start":{"line":47,"column":2},"end":{"line":52,"column":4}},"8":{"start":{"line":56,"column":30},"end":{"line":70,"column":1}},"9":{"start":{"line":57,"column":2},"end":{"line":69,"column":4}},"10":{"start":{"line":58,"column":24},"end":{"line":58,"column":29}},"11":{"start":{"line":62,"column":8},"end":{"line":62,"column":21}},"12":{"start":{"line":64,"column":25},"end":{"line":64,"column":77}},"13":{"start":{"line":66,"column":4},"end":{"line":68,"column":6}}},"fnMap":{"0":{"name":"(anonymous_0)","decl":{"start":{"line":6,"column":23},"end":{"line":6,"column":24}},"loc":{"start":{"line":6,"column":34},"end":{"line":41,"column":1}},"line":6},"1":{"name":"(anonymous_1)","decl":{"start":{"line":44,"column":21},"end":{"line":44,"column":22}},"loc":{"start":{"line":44,"column":43},"end":{"line":53,"column":1}},"line":44},"2":{"name":"(anonymous_2)","decl":{"start":{"line":56,"column":30},"end":{"line":56,"column":31}},"loc":{"start":{"line":56,"column":52},"end":{"line":70,"column":1}},"line":56},"3":{"name":"(anonymous_3)","decl":{"start":{"line":57,"column":9},"end":{"line":57,"column":10}},"loc":{"start":{"line":57,"column":20},"end":{"line":69,"column":3}},"line":57}},"branchMap":{"0":{"loc":{"start":{"line":45,"column":2},"end":{"line":45,"column":33}},"type":"if","locations":[{"start":{"line":45,"column":2},"end":{"line":45,"column":33}},{"start":{},"end":{}}],"line":45},"1":{"loc":{"start":{"line":64,"column":25},"end":{"line":64,"column":77}},"type":"binary-expr","locations":[{"start":{"line":64,"column":25},"end":{"line":64,"column":49}},{"start":{"line":64,"column":53},"end":{"line":64,"column":77}}],"line":64}},"s":{"0":1,"1":1,"2":1,"3":1,"4":1,"5":1,"6":1,"7":0,"8":1,"9":0,"10":0,"11":0,"12":0,"13":0},"f":{"0":1,"1":1,"2":0,"3":0},"b":{"0":[1,0],"1":[0,0]},"_coverageSchema":"1a1c01bbd47fc00a2c39e90264f33305004495a9","hash":"f775ff794452779c0313b31fb9e10b8d9819e070"}
,"D:\\ISHAN\\Namaste_React\\namaste_react\\src\\components\\sum.js": {"path":"D:\\ISHAN\\Namaste_React\\namaste_react\\src\\components\\sum.js","statementMap":{"0":{"start":{"line":1,"column":19},"end":{"line":3,"column":1}},"1":{"start":{"line":2,"column":4},"end":{"line":2,"column":17}}},"fnMap":{"0":{"name":"(anonymous_0)","decl":{"start":{"line":1,"column":19},"end":{"line":1,"column":20}},"loc":{"start":{"line":1,"column":28},"end":{"line":3,"column":1}},"line":1}},"branchMap":{},"s":{"0":1,"1":1},"f":{"0":1},"b":{},"_coverageSchema":"1a1c01bbd47fc00a2c39e90264f33305004495a9","hash":"25798822583fa8e48fc993c174d2275fb2ae2f11"}
,"D:\\ISHAN\\Namaste_React\\namaste_react\\src\\utils\\UserContext.js": {"path":"D:\\ISHAN\\Namaste_React\\namaste_react\\src\\utils\\UserContext.js","statementMap":{"0":{"start":{"line":3,"column":20},"end":{"line":5,"column":2}}},"fnMap":{},"branchMap":{},"s":{"0":1},"f":{},"b":{},"_coverageSchema":"1a1c01bbd47fc00a2c39e90264f33305004495a9","hash":"247956415aa95daeecd7586119905eaec73b3bf2"}
,"D:\\ISHAN\\Namaste_React\\namaste_react\\src\\utils\\appStore.js": {"path":"D:\\ISHAN\\Namaste_React\\namaste_react\\src\\utils\\appStore.js","statementMap":{"0":{"start":{"line":4,"column":17},"end":{"line":8,"column":2}}},"fnMap":{},"branchMap":{},"s":{"0":1},"f":{},"b":{},"_coverageSchema":"1a1c01bbd47fc00a2c39e90264f33305004495a9","hash":"134149a40b4bcc9e98d3c9a326ff42a32c1d92a6"}
,"D:\\ISHAN\\Namaste_React\\namaste_react\\src\\utils\\cartSlice.js": {"path":"D:\\ISHAN\\Namaste_React\\namaste_react\\src\\utils\\cartSlice.js","statementMap":{"0":{"start":{"line":5,"column":18},"end":{"line":21,"column":2}},"1":{"start":{"line":12,"column":12},"end":{"line":12,"column":45}},"2":{"start":{"line":15,"column":12},"end":{"line":15,"column":30}},"3":{"start":{"line":18,"column":12},"end":{"line":18,"column":35}},"4":{"start":{"line":32,"column":48},"end":{"line":32,"column":65}}},"fnMap":{"0":{"name":"(anonymous_0)","decl":{"start":{"line":11,"column":17},"end":{"line":11,"column":18}},"loc":{"start":{"line":11,"column":36},"end":{"line":13,"column":9}},"line":11},"1":{"name":"(anonymous_1)","decl":{"start":{"line":14,"column":20},"end":{"line":14,"column":21}},"loc":{"start":{"line":14,"column":31},"end":{"line":16,"column":9}},"line":14},"2":{"name":"(anonymous_2)","decl":{"start":{"line":17,"column":19},"end":{"line":17,"column":20}},"loc":{"start":{"line":17,"column":30},"end":{"line":19,"column":9}},"line":17}},"branchMap":{},"s":{"0":1,"1":0,"2":0,"3":0,"4":1},"f":{"0":0,"1":0,"2":0},"b":{},"_coverageSchema":"1a1c01bbd47fc00a2c39e90264f33305004495a9","hash":"92913040c90d15322c64adef8ea5091fbdeb86c5"}
,"D:\\ISHAN\\Namaste_React\\namaste_react\\src\\utils\\constants.js": {"path":"D:\\ISHAN\\Namaste_React\\namaste_react\\src\\utils\\constants.js","statementMap":{"0":{"start":{"line":1,"column":23},"end":{"line":1,"column":119}},"1":{"start":{"line":2,"column":24},"end":{"line":2,"column":96}},"2":{"start":{"line":3,"column":24},"end":{"line":3,"column":147}}},"fnMap":{},"branchMap":{},"s":{"0":2,"1":2,"2":2},"f":{},"b":{},"_coverageSchema":"1a1c01bbd47fc00a2c39e90264f33305004495a9","hash":"8be073c57e83bed615e0c7aab67a192e6b313aa3"}
,"D:\\ISHAN\\Namaste_React\\namaste_react\\src\\utils\\useOnlineStatus.js": {"path":"D:\\ISHAN\\Namaste_React\\namaste_react\\src\\utils\\useOnlineStatus.js","statementMap":{"0":{"start":{"line":3,"column":24},"end":{"line":20,"column":1}},"1":{"start":{"line":5,"column":44},"end":{"line":5,"column":58}},"2":{"start":{"line":7,"column":4},"end":{"line":17,"column":9}},"3":{"start":{"line":9,"column":8},"end":{"line":11,"column":11}},"4":{"start":{"line":10,"column":12},"end":{"line":10,"column":35}},"5":{"start":{"line":13,"column":8},"end":{"line":15,"column":10}},"6":{"start":{"line":14,"column":12},"end":{"line":14,"column":34}},"7":{"start":{"line":19,"column":4},"end":{"line":19,"column":24}}},"fnMap":{"0":{"name":"(anonymous_0)","decl":{"start":{"line":3,"column":24},"end":{"line":3,"column":25}},"loc":{"start":{"line":3,"column":30},"end":{"line":20,"column":1}},"line":3},"1":{"name":"(anonymous_1)","decl":{"start":{"line":7,"column":14},"end":{"line":7,"column":15}},"loc":{"start":{"line":7,"column":18},"end":{"line":17,"column":5}},"line":7},"2":{"name":"(anonymous_2)","decl":{"start":{"line":9,"column":43},"end":{"line":9,"column":44}},"loc":{"start":{"line":9,"column":47},"end":{"line":11,"column":9}},"line":9},"3":{"name":"(anonymous_3)","decl":{"start":{"line":13,"column":42},"end":{"line":13,"column":43}},"loc":{"start":{"line":13,"column":46},"end":{"line":15,"column":9}},"line":13}},"branchMap":{},"s":{"0":1,"1":5,"2":5,"3":4,"4":0,"5":4,"6":0,"7":5},"f":{"0":5,"1":4,"2":0,"3":0},"b":{},"_coverageSchema":"1a1c01bbd47fc00a2c39e90264f33305004495a9","hash":"6d9d06869d018bbb9ffc0bba30f3e3ffba7017be"}
}
