TN:
SF:src\components\Body.js
FN:10,(anonymous_0)
FN:22,(anonymous_1)
FN:28,(anonymous_2)
FN:49,(anonymous_3)
FN:52,(anonymous_4)
FN:54,(anonymous_5)
FN:62,(anonymous_6)
FN:64,(anonymous_7)
FN:73,(anonymous_8)
FN:78,(anonymous_9)
FNF:10
FNH:9
FNDA:7,(anonymous_0)
FNDA:2,(anonymous_1)
FNDA:2,(anonymous_2)
FNDA:1,(anonymous_3)
FNDA:1,(anonymous_4)
FNDA:8,(anonymous_5)
FNDA:1,(anonymous_6)
FNDA:8,(anonymous_7)
FNDA:0,(anonymous_8)
FNDA:31,(anonymous_9)
DA:10,1
DA:13,7
DA:14,7
DA:16,7
DA:18,7
DA:22,7
DA:23,2
DA:28,7
DA:29,2
DA:30,2
DA:31,2
DA:32,2
DA:35,7
DA:37,7
DA:38,0
DA:41,7
DA:43,7
DA:50,1
DA:54,1
DA:55,8
DA:58,1
DA:63,1
DA:64,8
DA:66,1
DA:73,0
DA:79,31
LF:26
LH:24
BRDA:37,0,0,0
BRDA:37,0,1,7
BRDA:43,1,0,2
BRDA:43,1,1,5
BRDA:80,2,0,31
BRDA:80,2,1,0
BRF:6
BRH:4
end_of_record
